#
# A fatal error has been detected by the Java Runtime Environment:
#
#  SIGSEGV (0xb) at pc=0x0000000108a703f5, pid=15290, tid=34843
#
# JRE version: Java(TM) SE Runtime Environment (7.0_71-b14) (build 1.7.0_71-b14)
# Java VM: Java HotSpot(TM) 64-Bit Server VM (24.71-b01 mixed mode bsd-amd64 compressed oops)
# Problematic frame:
# 
[error occurred during error reporting (printing problematic frame), id 0xb]

# Failed to write core dump. Core dumps have been disabled. To enable core dumping, try "ulimit -c unlimited" before starting Java again
#
# If you would like to submit a bug report, please visit:
#   http://bugreport.sun.com/bugreport/crash.jsp
#

---------------  T H R E A D  ---------------

Current thread (0x00007fb6002f7800):  JavaThread "Daemon worker Thread 6" [_thread_in_Java, id=34843, stack(0x00007000012d0000,0x00007000013d0000)]

siginfo:si_signo=SIGSEGV: si_errno=0, si_code=1 (SEGV_MAPERR), si_addr=0x0000000700006818

Registers:
RAX=0x000000010918ea64, RBX=0x00000007b3295868, RCX=0x00000000000017b1, RDX=0x0000000700006800
RSP=0x00007000013cd148, RBP=0x00007000013cd168, RSI=0x00000007c12d7b08, RDI=0x0000000000000003
R8 =0x00000007c12d4d88, R9 =0x0000000000000005, R10=0x00000007c12d7a18, R11=0x00000000f825af61
R12=0x0000000000000000, R13=0x00000007b3295800, R14=0x00007000013cd198, R15=0x00007fb6002f7800
RIP=0x0000000108a703f5, EFLAGS=0x0000000000010246, ERR=0x0000000000000004
  TRAPNO=0x000000000000000e

Top of Stack: (sp=0x00007000013cd148)
0x00007000013cd148:   0000000000000000 00000007b3295868
0x00007000013cd158:   0000000000000000 00007000013cd1a0
0x00007000013cd168:   000000000000000c 000000010918ea64
0x00007000013cd178:   0000000000000000 0000000000000000
0x00007000013cd188:   00000007ebc04250 00000007ebc042c8
0x00007000013cd198:   00000007c12d7b08 000000070000000c
0x00007000013cd1a8:   00000007ebc041e8 00000007ebc04250
0x00007000013cd1b8:   00000007ebc042c8 00000007ebc043b8
0x00007000013cd1c8:   0000000000000000 00000007b1cbc1e0
0x00007000013cd1d8:   0000000000000000 00007000013cd240
0x00007000013cd1e8:   0000000108a66233 0000000108a66233
0x00007000013cd1f8:   00000007ebc041e8 00007000013cd200
0x00007000013cd208:   00000007b32782b8 00007000013cd258
0x00007000013cd218:   00000007b327dd48 0000000000000000
0x00007000013cd228:   00000007b32782e0 00007000013cd1f8
0x00007000013cd238:   00007000013cd258 00007000013cd2a0
0x00007000013cd248:   0000000108a66233 00000007ebc041e8
0x00007000013cd258:   00000007ebc041d0 00007000013cd260
0x00007000013cd268:   00000007b327877f 00007000013cd2b0
0x00007000013cd278:   00000007b327dd48 0000000000000000
0x00007000013cd288:   00000007b3278798 00007000013cd258
0x00007000013cd298:   00007000013cd2b0 00007000013cd2f8
0x00007000013cd2a8:   0000000108a66233 00000007ebc04110
0x00007000013cd2b8:   00007000013cd2b8 00000007b27b81c4
0x00007000013cd2c8:   00007000013cd330 00000007b27c4258
0x00007000013cd2d8:   0000000000000000 00000007b27b8288
0x00007000013cd2e8:   00007000013cd2b0 00007000013cd328
0x00007000013cd2f8:   00007000013cd378 0000000108a66233
0x00007000013cd308:   0000000000000000 0000000000000008
0x00007000013cd318:   00000007ebc04110 00000007ebc040f8
0x00007000013cd328:   00000007ebc040d8 00000007eba3b7a8
0x00007000013cd338:   00007000013cd338 00000007b27b6405 

Instructions: (pc=0x0000000108a703f5)
0x0000000108a703d5:   6d 40 53 48 8b 53 18 48 85 d2 0f 84 07 00 00 00
0x0000000108a703e5:   48 81 c2 88 00 00 00 52 48 8b 53 10 48 8b 52 20
0x0000000108a703f5:   48 8b 52 18 52 41 56 41 55 68 00 00 00 00 48 89
0x0000000108a70405:   24 24 41 c6 87 85 02 00 00 01 ff 43 20 8b 43 40 

Register to memory mapping:

RAX=0x000000010918ea64 is at entry_point+3012 in (nmethod*)0x000000010918da90
RBX=0x00000007b3295868 is an oop
{method} 
 - klass: {other class}
RCX=0x00000000000017b1 is an unknown value
RDX=0x0000000700006800 is an unknown value
RSP=0x00007000013cd148 is pointing into the stack for thread: 0x00007fb6002f7800
RBP=0x00007000013cd168 is pointing into the stack for thread: 0x00007fb6002f7800
RSI=0x00000007c12d7b08 is an oop
com.android.ide.common.resources.configuration.NightModeQualifier 
 - klass: 'com/android/ide/common/resources/configuration/NightModeQualifier'
RDI=0x0000000000000003 is an unknown value
R8 =0x00000007c12d4d88 is an oop
[C 
 - klass: {type array char}
 - length: 5
R9 =0x0000000000000005 is an unknown value
R10=0x00000007c12d7a18 is an oop
[Lcom.android.ide.common.resources.configuration.ResourceQualifier; 
 - klass: 'com/android/ide/common/resources/configuration/ResourceQualifier'[]
 - length: 21
R11=0x00000000f825af61 is an unknown value
R12=0x0000000000000000 is an unknown value
R13=0x00000007b3295800 is pointing into object: 0x00000007b32957c0
{constMethod} 
 - klass: {other class}
 - constants:       0x0000000700006800 
[error occurred during error reporting (printing register info), id 0xb]

Stack: [0x00007000012d0000,0x00007000013d0000],  sp=0x00007000013cd148,  free space=1012k
Native frames: (J=compiled Java code, j=interpreted, Vv=VM code, C=native code)

[error occurred during error reporting (printing native stack), id 0xb]


---------------  P R O C E S S  ---------------

Java Threads: ( => current thread )
  0x00007fb5ff172000 JavaThread "Stdin handler" [_thread_blocked, id=48399, stack(0x00007000013d3000,0x00007000014d3000)]
=>0x00007fb6002f7800 JavaThread "Daemon worker Thread 6" [_thread_in_Java, id=34843, stack(0x00007000012d0000,0x00007000013d0000)]
  0x00007fb5fc721000 JavaThread "Cancel handler" [_thread_blocked, id=60943, stack(0x00007000011cd000,0x00007000012cd000)]
  0x00007fb5fda77000 JavaThread "Handler for socket connection from /127.0.0.1:50885 to /127.0.0.1:60968" [_thread_in_native, id=31763, stack(0x00007000010ca000,0x00007000011ca000)]
  0x00007fb600145800 JavaThread "Daemon Thread 6" [_thread_blocked, id=19479, stack(0x0000700000fc7000,0x00007000010c7000)]
  0x00007fb5ffe4a000 JavaThread "pool-4-thread-1" [_thread_blocked, id=63251, stack(0x00007000018e2000,0x00007000019e2000)]
  0x00007fb5fc1ac800 JavaThread "File lock request listener" [_thread_in_native, id=22019, stack(0x00007000014d6000,0x00007000015d6000)]
  0x00007fb5fdab2800 JavaThread "Incoming local TCP Connector on port 50885" [_thread_in_native, id=18947, stack(0x0000700000ec4000,0x0000700000fc4000)]
  0x00007fb5fd827000 JavaThread "Service Thread" daemon [_thread_blocked, id=17923, stack(0x0000700000cbe000,0x0000700000dbe000)]
  0x00007fb5fc043800 JavaThread "C2 CompilerThread1" daemon [_thread_in_native, id=17411, stack(0x0000700000bbb000,0x0000700000cbb000)]
  0x00007fb5fd826800 JavaThread "C2 CompilerThread0" daemon [_thread_in_native, id=16899, stack(0x0000700000ab8000,0x0000700000bb8000)]
  0x00007fb5fd825800 JavaThread "Signal Dispatcher" daemon [_thread_blocked, id=13839, stack(0x00007000009b5000,0x0000700000ab5000)]
  0x00007fb5fd818800 JavaThread "Finalizer" daemon [_thread_blocked, id=12291, stack(0x000070000082f000,0x000070000092f000)]
  0x00007fb5fd818000 JavaThread "Reference Handler" daemon [_thread_blocked, id=11779, stack(0x000070000072c000,0x000070000082c000)]
  0x00007fb5fc009000 JavaThread "main" [_thread_blocked, id=5891, stack(0x000070000011a000,0x000070000021a000)]

Other Threads:
  0x00007fb5fc00f000 VMThread [stack: 0x0000700000629000,0x0000700000729000] [id=11267]
  0x00007fb5fc034000 WatcherThread [stack: 0x0000700000dc1000,0x0000700000ec1000] [id=18435]

VM state:not at safepoint (normal execution)

VM Mutex/Monitor currently owned by a thread: None

Heap
 PSYoungGen      total 183808K, used 26590K [0x00000007eaa80000, 0x00000007f7e80000, 0x0000000800000000)
  eden space 164864K, 11% used [0x00000007eaa80000,0x00000007ebd84620,0x00000007f4b80000)
  from space 18944K, 37% used [0x00000007f6c00000,0x00000007f72f3390,0x00000007f7e80000)
  to   space 26112K, 0% used [0x00000007f4b80000,0x00000007f4b80000,0x00000007f6500000)
 ParOldGen       total 87040K, used 49254K [0x00000007c0000000, 0x00000007c5500000, 0x00000007eaa80000)
  object space 87040K, 56% used [0x00000007c0000000,0x00000007c3019bc0,0x00000007c5500000)
 PSPermGen       total 112128K, used 61071K [0x00000007b0000000, 0x00000007b6d80000, 0x00000007c0000000)
  object space 112128K, 54% used [0x00000007b0000000,0x00000007b3ba3fa8,0x00000007b6d80000)

Card table byte_map: [0x000000010ba60000,0x000000010bce1000] byte_map_base: 0x0000000107ce0000

Polling page: 0x00000001076a5000

Code Cache  [0x0000000108a60000, 0x0000000109420000, 0x000000010ba60000)
 total_blobs=3367 nmethods=2681 adapters=639 free_code_cache=39329Kb largest_free_block=40139392

Compilation events (10 events):
Event: 9222.735 Thread 0x00007fb5fc043800 nmethod 3004 0x00000001093c7690 code [0x00000001093c78c0, 0x00000001093c8518]
Event: 9222.737 Thread 0x00007fb5fc043800 3005             java.util.concurrent.ConcurrentLinkedQueue::checkNotNull (13 bytes)
Event: 9222.738 Thread 0x00007fb5fc043800 nmethod 3005 0x000000010933ca50 code [0x000000010933cb80, 0x000000010933cbd8]
Event: 9222.744 Thread 0x00007fb5fc043800 3006  s          java.io.BufferedInputStream::read (113 bytes)
Event: 9222.775 Thread 0x00007fb5fc043800 nmethod 3006 0x000000010940f650 code [0x000000010940f820, 0x0000000109410c78]
Event: 9222.819 Thread 0x00007fb5fc043800 3007             org.gradle.api.internal.changedetection.state.DefaultFileCollectionSnapshotter$FileCollectionSnapshotImpl$2::next (145 bytes)
Event: 9222.868 Thread 0x00007fb5fc043800 nmethod 3007 0x00000001094144d0 code [0x0000000109414780, 0x0000000109415a68]
Event: 9222.870 Thread 0x00007fb5fc043800 3008             com.android.ide.common.res2.ValueResourceParser2::getType (135 bytes)
Event: 9222.891 Thread 0x00007fb5fc043800 nmethod 3008 0x0000000109416a50 code [0x0000000109416cc0, 0x00000001094179a0]
Event: 9222.891 Thread 0x00007fb5fc043800 3009             com.android.ide.common.res2.ValueResourceParser2::getName (31 bytes)

GC Heap History (10 events):
Event: 6593.457 GC heap before
{Heap before GC invocations=28 (full 4):
 PSYoungGen      total 223232K, used 2127K [0x00000007eaa80000, 0x00000007fa200000, 0x0000000800000000)
  eden space 194560K, 0% used [0x00000007eaa80000,0x00000007eaa80000,0x00000007f6880000)
  from space 28672K, 7% used [0x00000007f8500000,0x00000007f8713df8,0x00000007fa100000)
  to   space 29184K, 0% used [0x00000007f6880000,0x00000007f6880000,0x00000007f8500000)
 ParOldGen       total 87040K, used 61515K [0x00000007c0000000, 0x00000007c5500000, 0x00000007eaa80000)
  object space 87040K, 70% used [0x00000007c0000000,0x00000007c3c12f08,0x00000007c5500000)
 PSPermGen       total 112128K, used 61839K [0x00000007b0000000, 0x00000007b6d80000, 0x00000007c0000000)
  object space 112128K, 55% used [0x00000007b0000000,0x00000007b3c63f10,0x00000007b6d80000)
Event: 6593.834 GC heap after
Heap after GC invocations=28 (full 4):
 PSYoungGen      total 223232K, used 0K [0x00000007eaa80000, 0x00000007fa200000, 0x0000000800000000)
  eden space 194560K, 0% used [0x00000007eaa80000,0x00000007eaa80000,0x00000007f6880000)
  from space 28672K, 0% used [0x00000007f8500000,0x00000007f8500000,0x00000007fa100000)
  to   space 29184K, 0% used [0x00000007f6880000,0x00000007f6880000,0x00000007f8500000)
 ParOldGen       total 87040K, used 28345K [0x00000007c0000000, 0x00000007c5500000, 0x00000007eaa80000)
  object space 87040K, 32% used [0x00000007c0000000,0x00000007c1bae630,0x00000007c5500000)
 PSPermGen       total 112128K, used 60628K [0x00000007b0000000, 0x00000007b6d80000, 0x00000007c0000000)
  object space 112128K, 54% used [0x00000007b0000000,0x00000007b3b35308,0x00000007b6d80000)
}
Event: 6688.962 GC heap before
{Heap before GC invocations=29 (full 4):
 PSYoungGen      total 223232K, used 194560K [0x00000007eaa80000, 0x00000007fa200000, 0x0000000800000000)
  eden space 194560K, 100% used [0x00000007eaa80000,0x00000007f6880000,0x00000007f6880000)
  from space 28672K, 0% used [0x00000007f8500000,0x00000007f8500000,0x00000007fa100000)
  to   space 29184K, 0% used [0x00000007f6880000,0x00000007f6880000,0x00000007f8500000)
 ParOldGen       total 87040K, used 28345K [0x00000007c0000000, 0x00000007c5500000, 0x00000007eaa80000)
  object space 87040K, 32% used [0x00000007c0000000,0x00000007c1bae630,0x00000007c5500000)
 PSPermGen       total 112128K, used 60820K [0x00000007b0000000, 0x00000007b6d80000, 0x00000007c0000000)
  object space 112128K, 54% used [0x00000007b0000000,0x00000007b3b65200,0x00000007b6d80000)
Event: 6688.976 GC heap after
Heap after GC invocations=29 (full 4):
 PSYoungGen      total 200704K, used 14311K [0x00000007eaa80000, 0x00000007f9780000, 0x0000000800000000)
  eden space 186368K, 0% used [0x00000007eaa80000,0x00000007eaa80000,0x00000007f6080000)
  from space 14336K, 99% used [0x00000007f6880000,0x00000007f7679c10,0x00000007f7680000)
  to   space 28160K, 0% used [0x00000007f7c00000,0x00000007f7c00000,0x00000007f9780000)
 ParOldGen       total 87040K, used 28345K [0x00000007c0000000, 0x00000007c5500000, 0x00000007eaa80000)
  object space 87040K, 32% used [0x00000007c0000000,0x00000007c1bae630,0x00000007c5500000)
 PSPermGen       total 112128K, used 60820K [0x00000007b0000000, 0x00000007b6d80000, 0x00000007c0000000)
  object space 112128K, 54% used [0x00000007b0000000,0x00000007b3b65200,0x00000007b6d80000)
}
Event: 6691.887 GC heap before
{Heap before GC invocations=30 (full 4):
 PSYoungGen      total 200704K, used 200679K [0x00000007eaa80000, 0x00000007f9780000, 0x0000000800000000)
  eden space 186368K, 100% used [0x00000007eaa80000,0x00000007f6080000,0x00000007f6080000)
  from space 14336K, 99% used [0x00000007f6880000,0x00000007f7679c10,0x00000007f7680000)
  to   space 28160K, 0% used [0x00000007f7c00000,0x00000007f7c00000,0x00000007f9780000)
 ParOldGen       total 87040K, used 28345K [0x00000007c0000000, 0x00000007c5500000, 0x00000007eaa80000)
  object space 87040K, 32% used [0x00000007c0000000,0x00000007c1bae630,0x00000007c5500000)
 PSPermGen       total 112128K, used 60865K [0x00000007b0000000, 0x00000007b6d80000, 0x00000007c0000000)
  object space 112128K, 54% used [0x00000007b0000000,0x00000007b3b707f0,0x00000007b6d80000)
Event: 6691.922 GC heap after
Heap after GC invocations=30 (full 4):
 PSYoungGen      total 198144K, used 6616K [0x00000007eaa80000, 0x00000007f8f00000, 0x0000000800000000)
  eden space 178688K, 0% used [0x00000007eaa80000,0x00000007eaa80000,0x00000007f5900000)
  from space 19456K, 34% used [0x00000007f7c00000,0x00000007f8276350,0x00000007f8f00000)
  to   space 27648K, 0% used [0x00000007f5900000,0x00000007f5900000,0x00000007f7400000)
 ParOldGen       total 87040K, used 38901K [0x00000007c0000000, 0x00000007c5500000, 0x00000007eaa80000)
  object space 87040K, 44% used [0x00000007c0000000,0x00000007c25fd5f8,0x00000007c5500000)
 PSPermGen       total 112128K, used 60865K [0x00000007b0000000, 0x00000007b6d80000, 0x00000007c0000000)
  object space 112128K, 54% used [0x00000007b0000000,0x00000007b3b707f0,0x00000007b6d80000)
}
Event: 9219.205 GC heap before
{Heap before GC invocations=31 (full 4):
 PSYoungGen      total 198144K, used 185304K [0x00000007eaa80000, 0x00000007f8f00000, 0x0000000800000000)
  eden space 178688K, 100% used [0x00000007eaa80000,0x00000007f5900000,0x00000007f5900000)
  from space 19456K, 34% used [0x00000007f7c00000,0x00000007f8276350,0x00000007f8f00000)
  to   space 27648K, 0% used [0x00000007f5900000,0x00000007f5900000,0x00000007f7400000)
 ParOldGen       total 87040K, used 38901K [0x00000007c0000000, 0x00000007c5500000, 0x00000007eaa80000)
  object space 87040K, 44% used [0x00000007c0000000,0x00000007c25fd5f8,0x00000007c5500000)
 PSPermGen       total 112128K, used 60990K [0x00000007b0000000, 0x00000007b6d80000, 0x00000007c0000000)
  object space 112128K, 54% used [0x00000007b0000000,0x00000007b3b8fa60,0x00000007b6d80000)
Event: 9219.273 GC heap after
Heap after GC invocations=31 (full 4):
 PSYoungGen      total 181760K, used 9798K [0x00000007eaa80000, 0x00000007f8600000, 0x0000000800000000)
  eden space 171520K, 0% used [0x00000007eaa80000,0x00000007eaa80000,0x00000007f5200000)
  from space 10240K, 95% used [0x00000007f5900000,0x00000007f6291a78,0x00000007f6300000)
  to   space 26624K, 0% used [0x00000007f6c00000,0x00000007f6c00000,0x00000007f8600000)
 ParOldGen       total 87040K, used 42802K [0x00000007c0000000, 0x00000007c5500000, 0x00000007eaa80000)
  object space 87040K, 49% used [0x00000007c0000000,0x00000007c29ccae0,0x00000007c5500000)
 PSPermGen       total 112128K, used 60990K [0x00000007b0000000, 0x00000007b6d80000, 0x00000007c0000000)
  object space 112128K, 54% used [0x00000007b0000000,0x00000007b3b8fa60,0x00000007b6d80000)
}
Event: 9222.421 GC heap before
{Heap before GC invocations=32 (full 4):
 PSYoungGen      total 181760K, used 181318K [0x00000007eaa80000, 0x00000007f8600000, 0x0000000800000000)
  eden space 171520K, 100% used [0x00000007eaa80000,0x00000007f5200000,0x00000007f5200000)
  from space 10240K, 95% used [0x00000007f5900000,0x00000007f6291a78,0x00000007f6300000)
  to   space 26624K, 0% used [0x00000007f6c00000,0x00000007f6c00000,0x00000007f8600000)
 ParOldGen       total 87040K, used 42802K [0x00000007c0000000, 0x00000007c5500000, 0x00000007eaa80000)
  object space 87040K, 49% used [0x00000007c0000000,0x00000007c29ccae0,0x00000007c5500000)
 PSPermGen       total 112128K, used 61050K [0x00000007b0000000, 0x00000007b6d80000, 0x00000007c0000000)
  object space 112128K, 54% used [0x00000007b0000000,0x00000007b3b9ea30,0x00000007b6d80000)
Event: 9222.461 GC heap after
Heap after GC invocations=32 (full 4):
 PSYoungGen      total 183808K, used 7116K [0x00000007eaa80000, 0x00000007f7e80000, 0x0000000800000000)
  eden space 164864K, 0% used [0x00000007eaa80000,0x00000007eaa80000,0x00000007f4b80000)
  from space 18944K, 37% used [0x00000007f6c00000,0x00000007f72f3390,0x00000007f7e80000)
  to   space 26112K, 0% used [0x00000007f4b80000,0x00000007f4b80000,0x00000007f6500000)
 ParOldGen       total 87040K, used 49254K [0x00000007c0000000, 0x00000007c5500000, 0x00000007eaa80000)
  object space 87040K, 56% used [0x00000007c0000000,0x00000007c3019bc0,0x00000007c5500000)
 PSPermGen       total 112128K, used 61050K [0x00000007b0000000, 0x00000007b6d80000, 0x00000007c0000000)
  object space 112128K, 54% used [0x00000007b0000000,0x00000007b3b9ea30,0x00000007b6d80000)
}

Deoptimization events (10 events):
Event: 6691.364 Thread 0x00007fb5fc068800 Uncommon trap: reason=unreached action=reinterpret pc=0x0000000108c52c48 method=com.sun.org.apache.xerces.internal.dom.DeferredDocumentImpl.clearChunkValue([[Ljava/lang/Object;II)Ljava/lang/String; @ 3
Event: 6691.367 Thread 0x00007fb5fc068800 Uncommon trap: reason=unreached action=reinterpret pc=0x0000000108c68cf8 method=com.sun.org.apache.xerces.internal.dom.DeferredDocumentImpl.clearChunkValue([[Ljava/lang/Object;II)Ljava/lang/String; @ 3
Event: 6691.830 Thread 0x00007fb5fc068800 Uncommon trap: reason=bimorphic action=maybe_recompile pc=0x0000000108de8834 method=java.io.BufferedInputStream.read1([BII)I @ 39
Event: 6691.833 Thread 0x00007fb5fc068800 Uncommon trap: reason=bimorphic action=maybe_recompile pc=0x0000000108de8834 method=java.io.BufferedInputStream.read1([BII)I @ 39
Event: 6691.847 Thread 0x00007fb5fc068800 Uncommon trap: reason=unreached action=reinterpret pc=0x00000001090072c4 method=com.google.common.collect.MapMakerInternalMap$Segment.getEntry(Ljava/lang/Object;I)Lcom/google/common/collect/MapMakerInternalMap$ReferenceEntry; @ 40
Event: 6692.624 Thread 0x00007fb5fc068800 Uncommon trap: reason=unreached action=reinterpret pc=0x00000001090a0bc8 method=com.google.common.collect.MapMakerInternalMap$Segment.getEntry(Ljava/lang/Object;I)Lcom/google/common/collect/MapMakerInternalMap$ReferenceEntry; @ 40
Event: 6692.638 Thread 0x00007fb5fc068800 Uncommon trap: reason=bimorphic action=maybe_recompile pc=0x00000001090538fc method=java.io.BufferedInputStream.read1([BII)I @ 39
Event: 9222.373 Thread 0x00007fb6002f7800 Uncommon trap: reason=unreached action=reinterpret pc=0x000000010909f308 method=com.google.common.collect.MapMakerInternalMap$Segment.getEntry(Ljava/lang/Object;I)Lcom/google/common/collect/MapMakerInternalMap$ReferenceEntry; @ 40
Event: 9222.418 Thread 0x00007fb6002f7800 Uncommon trap: reason=unreached action=reinterpret pc=0x000000010909daf4 method=com.google.common.collect.MapMakerInternalMap$Segment.getEntry(Ljava/lang/Object;I)Lcom/google/common/collect/MapMakerInternalMap$ReferenceEntry; @ 40
Event: 9222.469 Thread 0x00007fb6002f7800 Uncommon trap: reason=unreached action=reinterpret pc=0x0000000108fef6d4 method=com.google.common.collect.MapMakerInternalMap$Segment.getEntry(Ljava/lang/Object;I)Lcom/google/common/collect/MapMakerInternalMap$ReferenceEntry; @ 40

Internal exceptions (10 events):
Event: 9217.643 Thread 0x00007fb6002f7800 Threw 0x00000007ed0518f8 at /HUDSON/workspace/7u-2-build-macosx-x86_64/jdk7u71/1605/hotspot/src/share/vm/prims/jvm.cpp:1281
Event: 9217.643 Thread 0x00007fb6002f7800 Threw 0x00000007ed052688 at /HUDSON/workspace/7u-2-build-macosx-x86_64/jdk7u71/1605/hotspot/src/share/vm/prims/jvm.cpp:1281
Event: 9217.643 Thread 0x00007fb6002f7800 Threw 0x00000007ed05aad0 at /HUDSON/workspace/7u-2-build-macosx-x86_64/jdk7u71/1605/hotspot/src/share/vm/prims/jvm.cpp:1281
Event: 9217.643 Thread 0x00007fb6002f7800 Threw 0x00000007ed05ec00 at /HUDSON/workspace/7u-2-build-macosx-x86_64/jdk7u71/1605/hotspot/src/share/vm/prims/jvm.cpp:1281
Event: 9217.644 Thread 0x00007fb6002f7800 Threw 0x00000007ed063e78 at /HUDSON/workspace/7u-2-build-macosx-x86_64/jdk7u71/1605/hotspot/src/share/vm/prims/jvm.cpp:1281
Event: 9217.644 Thread 0x00007fb6002f7800 Threw 0x00000007ed064ec0 at /HUDSON/workspace/7u-2-build-macosx-x86_64/jdk7u71/1605/hotspot/src/share/vm/prims/jvm.cpp:1281
Event: 9217.644 Thread 0x00007fb6002f7800 Threw 0x00000007ed06e268 at /HUDSON/workspace/7u-2-build-macosx-x86_64/jdk7u71/1605/hotspot/src/share/vm/prims/jvm.cpp:1281
Event: 9222.373 Thread 0x00007fb6002f7800 Implicit null exception at 0x000000010909ee30 to 0x000000010909f2eb
Event: 9222.418 Thread 0x00007fb6002f7800 Implicit null exception at 0x000000010909d7d8 to 0x000000010909dad9
Event: 9222.469 Thread 0x00007fb6002f7800 Implicit null exception at 0x0000000108fef48c to 0x0000000108fef6bd

Events (10 events):
Event: 9222.419 Thread 0x00007fb6002f7800 DEOPT PACKING pc=0x000000010909daf4 sp=0x00007000013cd530
Event: 9222.419 Thread 0x00007fb6002f7800 DEOPT UNPACKING pc=0x0000000108a99045 sp=0x00007000013cd498 mode 2
Event: 9222.421 Executing VM operation: ParallelGCFailedAllocation
Event: 9222.461 Executing VM operation: ParallelGCFailedAllocation done
Event: 9222.469 Thread 0x00007fb6002f7800 Uncommon trap: trap_request=0xffffffad fr.pc=0x0000000108fef6d4
Event: 9222.469 Thread 0x00007fb6002f7800 DEOPT PACKING pc=0x0000000108fef6d4 sp=0x00007000013cd4b0
Event: 9222.469 Thread 0x00007fb6002f7800 DEOPT UNPACKING pc=0x0000000108a99045 sp=0x00007000013cd498 mode 2
Event: 9222.517 Thread 0x00007fb5fc043800 flushing nmethod 0x0000000108e39d50
Event: 9222.737 Thread 0x00007fb5fc043800 flushing nmethod 0x0000000108fe4650
Event: 9222.738 Thread 0x00007fb5fc043800 flushing nmethod 0x0000000109023a50


Dynamic libraries:
0x00000000098af000 	/System/Library/Frameworks/Cocoa.framework/Versions/A/Cocoa
0x00000000098af000 	/System/Library/Frameworks/Security.framework/Versions/A/Security
0x00000000098af000 	/System/Library/Frameworks/ApplicationServices.framework/Versions/A/ApplicationServices
0x00000000098af000 	/usr/lib/libz.1.dylib
0x00000000098af000 	/usr/lib/libSystem.B.dylib
0x00000000098af000 	/usr/lib/libobjc.A.dylib
0x00000000098af000 	/System/Library/Frameworks/CoreFoundation.framework/Versions/A/CoreFoundation
0x00000000098af000 	/System/Library/Frameworks/Foundation.framework/Versions/C/Foundation
0x00000000098af000 	/System/Library/Frameworks/AppKit.framework/Versions/C/AppKit
0x00000000098af000 	/System/Library/Frameworks/CoreData.framework/Versions/A/CoreData
0x00000000098af000 	/System/Library/PrivateFrameworks/RemoteViewServices.framework/Versions/A/RemoteViewServices
0x00000000098af000 	/System/Library/PrivateFrameworks/UIFoundation.framework/Versions/A/UIFoundation
0x00000000098af000 	/usr/lib/libScreenReader.dylib
0x00000000098af000 	/System/Library/Frameworks/Accelerate.framework/Versions/A/Accelerate
0x00000000098af000 	/System/Library/Frameworks/IOSurface.framework/Versions/A/IOSurface
0x00000000098af000 	/System/Library/Frameworks/AudioToolbox.framework/Versions/A/AudioToolbox
0x00000000098af000 	/System/Library/Frameworks/AudioUnit.framework/Versions/A/AudioUnit
0x00000000098af000 	/System/Library/PrivateFrameworks/DataDetectorsCore.framework/Versions/A/DataDetectorsCore
0x00000000098af000 	/System/Library/PrivateFrameworks/DesktopServicesPriv.framework/Versions/A/DesktopServicesPriv
0x00000000098af000 	/System/Library/Frameworks/Carbon.framework/Versions/A/Frameworks/HIToolbox.framework/Versions/A/HIToolbox
0x00000000098af000 	/System/Library/Frameworks/QuartzCore.framework/Versions/A/QuartzCore
0x00000000098af000 	/System/Library/Frameworks/Carbon.framework/Versions/A/Frameworks/SpeechRecognition.framework/Versions/A/SpeechRecognition
0x00000000098af000 	/usr/lib/libauto.dylib
0x00000000098af000 	/usr/lib/libicucore.A.dylib
0x00000000098af000 	/usr/lib/libxml2.2.dylib
0x00000000098af000 	/System/Library/PrivateFrameworks/CoreUI.framework/Versions/A/CoreUI
0x00000000098af000 	/System/Library/Frameworks/CoreAudio.framework/Versions/A/CoreAudio
0x00000000098af000 	/System/Library/Frameworks/DiskArbitration.framework/Versions/A/DiskArbitration
0x00000000098af000 	/usr/lib/liblangid.dylib
0x00000000098af000 	/System/Library/PrivateFrameworks/MultitouchSupport.framework/Versions/A/MultitouchSupport
0x00000000098af000 	/System/Library/Frameworks/IOKit.framework/Versions/A/IOKit
0x00000000098af000 	/usr/lib/libDiagnosticMessagesClient.dylib
0x00000000098af000 	/System/Library/Frameworks/CoreServices.framework/Versions/A/CoreServices
0x00000000098af000 	/System/Library/PrivateFrameworks/PerformanceAnalysis.framework/Versions/A/PerformanceAnalysis
0x00000000098af000 	/System/Library/PrivateFrameworks/GenerationalStorage.framework/Versions/A/GenerationalStorage
0x00000000098af000 	/System/Library/Frameworks/OpenGL.framework/Versions/A/OpenGL
0x00000000098af000 	/System/Library/PrivateFrameworks/Sharing.framework/Versions/A/Sharing
0x00000000098af000 	/System/Library/Frameworks/CoreGraphics.framework/Versions/A/CoreGraphics
0x00000000098af000 	/System/Library/Frameworks/CoreImage.framework/Versions/A/CoreImage
0x00000000098af000 	/System/Library/Frameworks/CoreText.framework/Versions/A/CoreText
0x00000000098af000 	/System/Library/Frameworks/ImageIO.framework/Versions/A/ImageIO
0x00000000098af000 	/System/Library/PrivateFrameworks/Backup.framework/Versions/A/Backup
0x00000000098af000 	/usr/lib/libextension.dylib
0x00000000098af000 	/usr/lib/libarchive.2.dylib
0x00000000098af000 	/System/Library/Frameworks/CFNetwork.framework/Versions/A/CFNetwork
0x00000000098af000 	/System/Library/Frameworks/SystemConfiguration.framework/Versions/A/SystemConfiguration
0x00000000098af000 	/usr/lib/libCRFSuite.dylib
0x00000000098af000 	/usr/lib/libc++.1.dylib
0x00000000098af000 	/usr/lib/libc++abi.dylib
0x00000000098af000 	/usr/lib/system/libcache.dylib
0x00000000098af000 	/usr/lib/system/libcommonCrypto.dylib
0x00000000098af000 	/usr/lib/system/libcompiler_rt.dylib
0x00000000098af000 	/usr/lib/system/libcopyfile.dylib
0x00000000098af000 	/usr/lib/system/libcorecrypto.dylib
0x00000000098af000 	/usr/lib/system/libdispatch.dylib
0x00000000098af000 	/usr/lib/system/libdyld.dylib
0x00000000098af000 	/usr/lib/system/libkeymgr.dylib
0x00000000098af000 	/usr/lib/system/liblaunch.dylib
0x00000000098af000 	/usr/lib/system/libmacho.dylib
0x00000000098af000 	/usr/lib/system/libquarantine.dylib
0x00000000098af000 	/usr/lib/system/libremovefile.dylib
0x00000000098af000 	/usr/lib/system/libsystem_asl.dylib
0x00000000098af000 	/usr/lib/system/libsystem_blocks.dylib
0x00000000098af000 	/usr/lib/system/libsystem_c.dylib
0x00000000098af000 	/usr/lib/system/libsystem_configuration.dylib
0x00000000098af000 	/usr/lib/system/libsystem_coreservices.dylib
0x00000000098af000 	/usr/lib/system/libsystem_coretls.dylib
0x00000000098af000 	/usr/lib/system/libsystem_dnssd.dylib
0x00000000098af000 	/usr/lib/system/libsystem_info.dylib
0x00000000098af000 	/usr/lib/system/libsystem_kernel.dylib
0x00000000098af000 	/usr/lib/system/libsystem_m.dylib
0x00000000098af000 	/usr/lib/system/libsystem_malloc.dylib
0x00000000098af000 	/usr/lib/system/libsystem_network.dylib
0x00000000098af000 	/usr/lib/system/libsystem_networkextension.dylib
0x00000000098af000 	/usr/lib/system/libsystem_notify.dylib
0x00000000098af000 	/usr/lib/system/libsystem_platform.dylib
0x00000000098af000 	/usr/lib/system/libsystem_pthread.dylib
0x00000000098af000 	/usr/lib/system/libsystem_sandbox.dylib
0x00000000098af000 	/usr/lib/system/libsystem_secinit.dylib
0x00000000098af000 	/usr/lib/system/libsystem_trace.dylib
0x00000000098af000 	/usr/lib/system/libunc.dylib
0x00000000098af000 	/usr/lib/system/libunwind.dylib
0x00000000098af000 	/usr/lib/system/libxpc.dylib
0x00000000098af000 	/usr/lib/libenergytrace.dylib
0x00000000098af000 	/usr/lib/libbsm.0.dylib
0x00000000098af000 	/usr/lib/system/libkxld.dylib
0x00000000098af000 	/usr/lib/libxar.1.dylib
0x00000000098af000 	/usr/lib/libsqlite3.dylib
0x00000000098af000 	/usr/lib/libpam.2.dylib
0x00000000098af000 	/usr/lib/libOpenScriptingUtil.dylib
0x00000000098af000 	/usr/lib/libbz2.1.0.dylib
0x00000000098af000 	/usr/lib/liblzma.5.dylib
0x00000000098af000 	/System/Library/Frameworks/CoreServices.framework/Versions/A/Frameworks/FSEvents.framework/Versions/A/FSEvents
0x00000000098af000 	/System/Library/Frameworks/CoreServices.framework/Versions/A/Frameworks/CarbonCore.framework/Versions/A/CarbonCore
0x00000000098af000 	/System/Library/Frameworks/CoreServices.framework/Versions/A/Frameworks/Metadata.framework/Versions/A/Metadata
0x00000000098af000 	/System/Library/Frameworks/CoreServices.framework/Versions/A/Frameworks/OSServices.framework/Versions/A/OSServices
0x00000000098af000 	/System/Library/Frameworks/CoreServices.framework/Versions/A/Frameworks/SearchKit.framework/Versions/A/SearchKit
0x00000000098af000 	/System/Library/Frameworks/CoreServices.framework/Versions/A/Frameworks/AE.framework/Versions/A/AE
0x00000000098af000 	/System/Library/Frameworks/CoreServices.framework/Versions/A/Frameworks/LaunchServices.framework/Versions/A/LaunchServices
0x00000000098af000 	/System/Library/Frameworks/CoreServices.framework/Versions/A/Frameworks/DictionaryServices.framework/Versions/A/DictionaryServices
0x00000000098af000 	/System/Library/Frameworks/CoreServices.framework/Versions/A/Frameworks/SharedFileList.framework/Versions/A/SharedFileList
0x00000000098af000 	/System/Library/Frameworks/NetFS.framework/Versions/A/NetFS
0x00000000098af000 	/System/Library/PrivateFrameworks/NetAuth.framework/Versions/A/NetAuth
0x00000000098af000 	/System/Library/PrivateFrameworks/login.framework/Versions/A/Frameworks/loginsupport.framework/Versions/A/loginsupport
0x00000000098af000 	/System/Library/PrivateFrameworks/TCC.framework/Versions/A/TCC
0x00000000098af000 	/usr/lib/libmecabra.dylib
0x00000000098af000 	/System/Library/Frameworks/ApplicationServices.framework/Versions/A/Frameworks/ATS.framework/Versions/A/ATS
0x00000000098af000 	/System/Library/Frameworks/ApplicationServices.framework/Versions/A/Frameworks/ColorSync.framework/Versions/A/ColorSync
0x00000000098af000 	/System/Library/Frameworks/ApplicationServices.framework/Versions/A/Frameworks/HIServices.framework/Versions/A/HIServices
0x00000000098af000 	/System/Library/Frameworks/ApplicationServices.framework/Versions/A/Frameworks/LangAnalysis.framework/Versions/A/LangAnalysis
0x00000000098af000 	/System/Library/Frameworks/ApplicationServices.framework/Versions/A/Frameworks/PrintCore.framework/Versions/A/PrintCore
0x00000000098af000 	/System/Library/Frameworks/ApplicationServices.framework/Versions/A/Frameworks/QD.framework/Versions/A/QD
0x00000000098af000 	/System/Library/Frameworks/ApplicationServices.framework/Versions/A/Frameworks/SpeechSynthesis.framework/Versions/A/SpeechSynthesis
0x00000000098af000 	/System/Library/Frameworks/Metal.framework/Versions/A/Metal
0x00000000098af000 	/System/Library/Frameworks/Accelerate.framework/Versions/A/Frameworks/vImage.framework/Versions/A/vImage
0x00000000098af000 	/System/Library/Frameworks/Accelerate.framework/Versions/A/Frameworks/vecLib.framework/Versions/A/vecLib
0x00000000098af000 	/System/Library/Frameworks/Accelerate.framework/Versions/A/Frameworks/vecLib.framework/Versions/A/libvDSP.dylib
0x00000000098af000 	/System/Library/Frameworks/Accelerate.framework/Versions/A/Frameworks/vecLib.framework/Versions/A/libvMisc.dylib
0x00000000098af000 	/System/Library/Frameworks/Accelerate.framework/Versions/A/Frameworks/vecLib.framework/Versions/A/libLAPACK.dylib
0x00000000098af000 	/System/Library/Frameworks/Accelerate.framework/Versions/A/Frameworks/vecLib.framework/Versions/A/libBLAS.dylib
0x00000000098af000 	/System/Library/Frameworks/Accelerate.framework/Versions/A/Frameworks/vecLib.framework/Versions/A/libLinearAlgebra.dylib
0x00000000098af000 	/System/Library/Frameworks/Accelerate.framework/Versions/A/Frameworks/vecLib.framework/Versions/A/libSparseBLAS.dylib
0x00000000098af000 	/System/Library/PrivateFrameworks/GPUCompiler.framework/libmetal_timestamp.dylib
0x00000000098af000 	/System/Library/Frameworks/OpenGL.framework/Versions/A/Libraries/libCoreFSCache.dylib
0x00000000098af000 	/System/Library/PrivateFrameworks/IOAccelerator.framework/Versions/A/IOAccelerator
0x00000000098af000 	/System/Library/Frameworks/ApplicationServices.framework/Versions/A/Frameworks/ATS.framework/Versions/A/Resources/libFontParser.dylib
0x00000000098af000 	/System/Library/Frameworks/ApplicationServices.framework/Versions/A/Frameworks/ATS.framework/Versions/A/Resources/libFontRegistry.dylib
0x00000000098af000 	/System/Library/PrivateFrameworks/AppleVPA.framework/Versions/A/AppleVPA
0x00000000098af000 	/System/Library/PrivateFrameworks/AppleJPEG.framework/Versions/A/AppleJPEG
0x00000000098af000 	/System/Library/Frameworks/ImageIO.framework/Versions/A/Resources/libJPEG.dylib
0x00000000098af000 	/System/Library/Frameworks/ImageIO.framework/Versions/A/Resources/libTIFF.dylib
0x00000000098af000 	/System/Library/Frameworks/ImageIO.framework/Versions/A/Resources/libPng.dylib
0x00000000098af000 	/System/Library/Frameworks/ImageIO.framework/Versions/A/Resources/libGIF.dylib
0x00000000098af000 	/System/Library/Frameworks/ImageIO.framework/Versions/A/Resources/libJP2.dylib
0x00000000098af000 	/System/Library/Frameworks/ImageIO.framework/Versions/A/Resources/libRadiance.dylib
0x00000000098af000 	/System/Library/Frameworks/CoreVideo.framework/Versions/A/CoreVideo
0x00000000098af000 	/System/Library/Frameworks/OpenGL.framework/Versions/A/Libraries/libGLU.dylib
0x00000000098af000 	/System/Library/Frameworks/OpenGL.framework/Versions/A/Libraries/libGFXShared.dylib
0x00000000098af000 	/System/Library/Frameworks/OpenGL.framework/Versions/A/Libraries/libGL.dylib
0x00000000098af000 	/System/Library/Frameworks/OpenGL.framework/Versions/A/Libraries/libGLImage.dylib
0x00000000098af000 	/System/Library/Frameworks/OpenGL.framework/Versions/A/Libraries/libCVMSPluginSupport.dylib
0x00000000098af000 	/System/Library/Frameworks/OpenGL.framework/Versions/A/Libraries/libCoreVMClient.dylib
0x00000000098af000 	/usr/lib/libcups.2.dylib
0x00000000098af000 	/System/Library/Frameworks/Kerberos.framework/Versions/A/Kerberos
0x00000000098af000 	/System/Library/Frameworks/GSS.framework/Versions/A/GSS
0x00000000098af000 	/usr/lib/libresolv.9.dylib
0x00000000098af000 	/usr/lib/libiconv.2.dylib
0x00000000098af000 	/System/Library/PrivateFrameworks/Heimdal.framework/Versions/A/Heimdal
0x00000000098af000 	/usr/lib/libheimdal-asn1.dylib
0x00000000098af000 	/System/Library/Frameworks/OpenDirectory.framework/Versions/A/OpenDirectory
0x00000000098af000 	/System/Library/PrivateFrameworks/CommonAuth.framework/Versions/A/CommonAuth
0x00000000098af000 	/System/Library/Frameworks/OpenDirectory.framework/Versions/A/Frameworks/CFOpenDirectory.framework/Versions/A/CFOpenDirectory
0x00000000098af000 	/System/Library/Frameworks/SecurityFoundation.framework/Versions/A/SecurityFoundation
0x00000000098af000 	/System/Library/PrivateFrameworks/LanguageModeling.framework/Versions/A/LanguageModeling
0x00000000098af000 	/usr/lib/libmarisa.dylib
0x00000000098af000 	/usr/lib/libChineseTokenizer.dylib
0x00000000098af000 	/usr/lib/libcmph.dylib
0x00000000098af000 	/usr/lib/libcompression.dylib
0x00000000098af000 	/System/Library/Frameworks/ServiceManagement.framework/Versions/A/ServiceManagement
0x00000000098af000 	/usr/lib/libxslt.1.dylib
0x00000000098af000 	/System/Library/Frameworks/Carbon.framework/Versions/A/Frameworks/Ink.framework/Versions/A/Ink
0x00000000098af000 	/usr/lib/libFosl_dynamic.dylib
0x00000000098af000 	/System/Library/PrivateFrameworks/FaceCore.framework/Versions/A/FaceCore
0x00000000098af000 	/System/Library/Frameworks/OpenCL.framework/Versions/A/OpenCL
0x00000000098af000 	/System/Library/PrivateFrameworks/CrashReporterSupport.framework/Versions/A/CrashReporterSupport
0x00000000098af000 	/System/Library/PrivateFrameworks/IconServices.framework/Versions/A/IconServices
0x00000000098af000 	/System/Library/PrivateFrameworks/Apple80211.framework/Versions/A/Apple80211
0x00000000098af000 	/System/Library/Frameworks/CoreWLAN.framework/Versions/A/CoreWLAN
0x00000000098af000 	/System/Library/Frameworks/IOBluetooth.framework/Versions/A/IOBluetooth
0x00000000098af000 	/System/Library/PrivateFrameworks/CoreWiFi.framework/Versions/A/CoreWiFi
0x00000000098af000 	/System/Library/Frameworks/CoreBluetooth.framework/Versions/A/CoreBluetooth
0x00000000098af000 	/System/Library/PrivateFrameworks/ChunkingLibrary.framework/Versions/A/ChunkingLibrary
0x00000000098af000 	/System/Library/PrivateFrameworks/DebugSymbols.framework/Versions/A/DebugSymbols
0x00000000098af000 	/System/Library/PrivateFrameworks/CoreSymbolication.framework/Versions/A/CoreSymbolication
0x00000000098af000 	/System/Library/PrivateFrameworks/Symbolication.framework/Versions/A/Symbolication
0x00000000098af000 	/System/Library/PrivateFrameworks/SpeechRecognitionCore.framework/Versions/A/SpeechRecognitionCore
0x0000000108000000 	/Library/Java/JavaVirtualMachines/jdk1.7.0_71.jdk/Contents/Home/jre/lib/server/libjvm.dylib
0x00000000098af000 	/usr/lib/libstdc++.6.dylib
0x0000000107668000 	/Library/Java/JavaVirtualMachines/jdk1.7.0_71.jdk/Contents/Home/jre/lib/libverify.dylib
0x0000000107675000 	/Library/Java/JavaVirtualMachines/jdk1.7.0_71.jdk/Contents/Home/jre/lib/libjava.dylib
0x00000001076af000 	/Library/Java/JavaVirtualMachines/jdk1.7.0_71.jdk/Contents/Home/jre/lib/libzip.dylib
0x000000010fb88000 	/System/Library/Frameworks/JavaVM.framework/Frameworks/JavaRuntimeSupport.framework/JavaRuntimeSupport
0x000000010fba3000 	/System/Library/Frameworks/JavaVM.framework/Versions/A/Frameworks/JavaNativeFoundation.framework/Versions/A/JavaNativeFoundation
0x000000010fbb8000 	/System/Library/Frameworks/JavaVM.framework/Versions/A/JavaVM
0x00000000098af000 	/System/Library/Frameworks/Carbon.framework/Versions/A/Carbon
0x000000010fbc5000 	/System/Library/PrivateFrameworks/JavaLaunching.framework/Versions/A/JavaLaunching
0x00000000098af000 	/System/Library/Frameworks/Carbon.framework/Versions/A/Frameworks/CommonPanels.framework/Versions/A/CommonPanels
0x00000000098af000 	/System/Library/Frameworks/Carbon.framework/Versions/A/Frameworks/Help.framework/Versions/A/Help
0x00000000098af000 	/System/Library/Frameworks/Carbon.framework/Versions/A/Frameworks/ImageCapture.framework/Versions/A/ImageCapture
0x00000000098af000 	/System/Library/Frameworks/Carbon.framework/Versions/A/Frameworks/OpenScripting.framework/Versions/A/OpenScripting
0x00000000098af000 	/System/Library/Frameworks/Carbon.framework/Versions/A/Frameworks/Print.framework/Versions/A/Print
0x00000000098af000 	/System/Library/Frameworks/Carbon.framework/Versions/A/Frameworks/SecurityHI.framework/Versions/A/SecurityHI
0x00000001116d0000 	/Library/Java/JavaVirtualMachines/jdk1.7.0_71.jdk/Contents/Home/jre/lib/libnet.dylib
0x000000011172e000 	/Library/Java/JavaVirtualMachines/jdk1.7.0_71.jdk/Contents/Home/jre/lib/libnio.dylib
0x000000011173d000 	/Users/neal/.gradle/native/19/osx-amd64/libnative-platform.dylib
0x0000000111772000 	/Library/Java/JavaVirtualMachines/jdk1.7.0_71.jdk/Contents/Home/jre/lib/libmanagement.dylib
0x0000000111808000 	/Library/Java/JavaVirtualMachines/jdk1.7.0_71.jdk/Contents/Home/jre/lib/libsunec.dylib

VM Arguments:
jvm_args: -XX:MaxPermSize=256m -XX:+HeapDumpOnOutOfMemoryError -Xmx1024m -Dfile.encoding=UTF-8 -Duser.country=US -Duser.language=en -Duser.variant 
java_command: org.gradle.launcher.daemon.bootstrap.GradleDaemon 2.10
Launcher Type: SUN_STANDARD

Environment Variables:
PATH=/usr/bin:/bin:/usr/sbin:/sbin
SHELL=/bin/bash

Signal Handlers:
SIGSEGV: [libjvm.dylib+0x52c49d], sa_mask[0]=0xfffefeff, sa_flags=0x00000043
SIGBUS: [libjvm.dylib+0x52c49d], sa_mask[0]=0xfffefeff, sa_flags=0x00000042
SIGFPE: [libjvm.dylib+0x41e53a], sa_mask[0]=0xfffefeff, sa_flags=0x00000042
SIGPIPE: [libjvm.dylib+0x41e53a], sa_mask[0]=0xfffefeff, sa_flags=0x00000042
SIGXFSZ: [libjvm.dylib+0x41e53a], sa_mask[0]=0xfffefeff, sa_flags=0x00000042
SIGILL: [libjvm.dylib+0x41e53a], sa_mask[0]=0xfffefeff, sa_flags=0x00000042
SIGUSR1: SIG_DFL, sa_mask[0]=0x00000000, sa_flags=0x00000000
SIGUSR2: [libjvm.dylib+0x41e02c], sa_mask[0]=0x00000004, sa_flags=0x00000042
SIGHUP: [libjvm.dylib+0x41c2bd], sa_mask[0]=0xfffefeff, sa_flags=0x00000042
SIGINT: [libjvm.dylib+0x41c2bd], sa_mask[0]=0xfffefeff, sa_flags=0x00000042
SIGTERM: [libjvm.dylib+0x41c2bd], sa_mask[0]=0xfffefeff, sa_flags=0x00000042
SIGQUIT: [libjvm.dylib+0x41c2bd], sa_mask[0]=0xfffefeff, sa_flags=0x00000042


---------------  S Y S T E M  ---------------

OS:Bsduname:Darwin 15.2.0 Darwin Kernel Version 15.2.0: Fri Nov 13 19:56:56 PST 2015; root:xnu-3248.20.55~2/RELEASE_X86_64 x86_64
rlimit: STACK 8192k, CORE 0k, NPROC 709, NOFILE 10240, AS infinity
load average:3.99 3.09 2.86

CPU:total 4 (2 cores per cpu, 2 threads per core) family 6 model 58 stepping 9, cmov, cx8, fxsr, mmx, sse, sse2, sse3, ssse3, sse4.1, sse4.2, popcnt, avx, aes, erms, ht, tsc, tscinvbit, tscinv

Memory: 4k page, physical 8388608k(2097152k free)

/proc/meminfo:


vm_info: Java HotSpot(TM) 64-Bit Server VM (24.71-b01) for bsd-amd64 JRE (1.7.0_71-b14), built on Sep 26 2014 16:11:44 by "java_re" with gcc 4.2.1 (Based on Apple Inc. build 5658) (LLVM build 2336.11.00)

time: Thu Mar  3 13:48:07 2016
elapsed time: 9222 seconds

